Using pre-set license
Built from '2020.3/staging' branch; Version is '2020.3.48f1 (b805b124c6b7) revision 12060081'; Using compiler version '192528614'; Build Type 'Release'
OS: 'Windows 10  (10.0.19045) 64bit Core' Language: 'en' Physical Memory: 16313 MB
BatchMode: 1, IsHumanControllingUs: 0, StartBugReporterOnCrash: 0, Is64bit: 1, IsPro: 0

COMMAND LINE ARGUMENTS:
C:\Program Files\Unity\Hub\Editor\2020.3.48f1\Editor\Unity.exe
-adb2
-batchMode
-noUpm
-name
AssetImportWorker0
-projectPath
C:/Users/windo/Open and boss
-logFile
Logs/AssetImportWorker0.log
-srvPort
52766
Successfully changed project path to: C:/Users/windo/Open and boss
C:/Users/windo/Open and boss
Using Asset Import Pipeline V2.
Player connection [6636] Host "[IP] 10.0.0.165 [Port] 3221442912 [Flags] 2 [Guid] 4251891484 [EditorId] 4251891484 [Version] 1048832 [Id] WindowsEditor(7,DESKTOP-J7L6DR0) [Debug] 1 [PackageName] WindowsEditor [ProjectName] Editor" joined multi-casting on [225.0.0.222:54997]...

Player connection [6636] Host "[IP] 10.0.0.165 [Port] 3221442912 [Flags] 2 [Guid] 4251891484 [EditorId] 4251891484 [Version] 1048832 [Id] WindowsEditor(7,DESKTOP-J7L6DR0) [Debug] 1 [PackageName] WindowsEditor [ProjectName] Editor" joined alternative multi-casting on [225.0.0.222:34997]...

Refreshing native plugins compatible for Editor in 37.19 ms, found 2 plugins.
Preloading 0 native plugins for Editor in 0.00 ms.
Initialize engine version: 2020.3.48f1 (b805b124c6b7)
[Subsystems] Discovering subsystems at path C:/Program Files/Unity/Hub/Editor/2020.3.48f1/Editor/Data/Resources/UnitySubsystems
[Subsystems] Discovering subsystems at path C:/Users/windo/Open and boss/Assets
GfxDevice: creating device client; threaded=0
Direct3D:
    Version:  Direct3D 11.0 [level 11.1]
    Renderer: NVIDIA GeForce GTX 1660 Ti (ID=0x2182)
    Vendor:   
    VRAM:     5979 MB
    Driver:   31.0.15.4633
Initialize mono
Mono path[0] = 'C:/Program Files/Unity/Hub/Editor/2020.3.48f1/Editor/Data/Managed'
Mono path[1] = 'C:/Program Files/Unity/Hub/Editor/2020.3.48f1/Editor/Data/MonoBleedingEdge/lib/mono/unityjit'
Mono config path = 'C:/Program Files/Unity/Hub/Editor/2020.3.48f1/Editor/Data/MonoBleedingEdge/etc'
Using monoOptions --debugger-agent=transport=dt_socket,embedding=1,server=y,suspend=n,address=127.0.0.1:56008
Begin MonoManager ReloadAssembly
Registering precompiled unity dll's ...
Register platform support module: C:/Program Files/Unity/Hub/Editor/2020.3.48f1/Editor/Data/PlaybackEngines/WebGLSupport/UnityEditor.WebGL.Extensions.dll
Register platform support module: C:/Program Files/Unity/Hub/Editor/2020.3.48f1/Editor/Data/PlaybackEngines/WindowsStandaloneSupport/UnityEditor.WindowsStandalone.Extensions.dll
Registered in 0.004639 seconds.
Native extension for WindowsStandalone target not found
Native extension for WebGL target not found
Refreshing native plugins compatible for Editor in 34.89 ms, found 2 plugins.
Preloading 0 native plugins for Editor in 0.00 ms.
Mono: successfully reloaded assembly
- Completed reload, in  0.696 seconds
Domain Reload Profiling:
	ReloadAssembly (696ms)
		BeginReloadAssembly (89ms)
			ExecutionOrderSort (0ms)
			DisableScriptedObjects (0ms)
			BackupInstance (0ms)
			ReleaseScriptingObjects (0ms)
			CreateAndSetChildDomain (1ms)
		EndReloadAssembly (513ms)
			LoadAssemblies (85ms)
			RebuildTransferFunctionScriptingTraits (0ms)
			SetupTypeCache (171ms)
			ReleaseScriptCaches (0ms)
			RebuildScriptCaches (38ms)
			SetupLoadedEditorAssemblies (183ms)
				LogAssemblyErrors (0ms)
				InitializePlatformSupportModulesInManaged (7ms)
				SetLoadedEditorAssemblies (0ms)
				RefreshPlugins (35ms)
				BeforeProcessingInitializeOnLoad (11ms)
				ProcessInitializeOnLoadAttributes (97ms)
				ProcessInitializeOnLoadMethodAttributes (32ms)
				AfterProcessingInitializeOnLoad (0ms)
				EditorAssembliesLoaded (0ms)
			ExecutionOrderSort2 (0ms)
			AwakeInstancesAfterBackupRestoration (0ms)
Platform modules already initialized, skipping
Registering precompiled user dll's ...
Registered in 0.005259 seconds.
Begin MonoManager ReloadAssembly
Native extension for WindowsStandalone target not found
Native extension for WebGL target not found
Refreshing native plugins compatible for Editor in 0.38 ms, found 2 plugins.
Preloading 0 native plugins for Editor in 0.00 ms.
Mono: successfully reloaded assembly
- Completed reload, in  1.456 seconds
Domain Reload Profiling:
	ReloadAssembly (1457ms)
		BeginReloadAssembly (181ms)
			ExecutionOrderSort (0ms)
			DisableScriptedObjects (6ms)
			BackupInstance (0ms)
			ReleaseScriptingObjects (0ms)
			CreateAndSetChildDomain (20ms)
		EndReloadAssembly (1186ms)
			LoadAssemblies (120ms)
			RebuildTransferFunctionScriptingTraits (0ms)
			SetupTypeCache (304ms)
			ReleaseScriptCaches (0ms)
			RebuildScriptCaches (45ms)
			SetupLoadedEditorAssemblies (633ms)
				LogAssemblyErrors (0ms)
				InitializePlatformSupportModulesInManaged (6ms)
				SetLoadedEditorAssemblies (1ms)
				RefreshPlugins (0ms)
				BeforeProcessingInitializeOnLoad (70ms)
				ProcessInitializeOnLoadAttributes (530ms)
				ProcessInitializeOnLoadMethodAttributes (11ms)
				AfterProcessingInitializeOnLoad (14ms)
				EditorAssembliesLoaded (0ms)
			ExecutionOrderSort2 (0ms)
			AwakeInstancesAfterBackupRestoration (2ms)
Platform modules already initialized, skipping
========================================================================
Worker process is ready to serve import requests
Launched and connected shader compiler UnityShaderCompiler.exe after 0.06 seconds
Refreshing native plugins compatible for Editor in 0.38 ms, found 2 plugins.
Preloading 0 native plugins for Editor in 0.00 ms.
Unloading 1326 Unused Serialized files (Serialized files now loaded: 0)
System memory in use before: 77.1 MB.
System memory in use after: 77.1 MB.

Unloading 17 unused Assets to reduce memory usage. Loaded Objects now: 1786.
Total: 3.898900 ms (FindLiveObjects: 0.150500 ms CreateObjectMapping: 0.034000 ms MarkObjects: 3.580800 ms  DeleteObjects: 0.132200 ms)

AssetImportParameters requested are different than current active one (requested -> active):
  custom:framework-win-MediaFoundation: 216162199b28c13a410421893ffa2e32 -> 
  custom:video-decoder-ogg-theora: a1e56fd34408186e4bbccfd4996cb3dc -> 
  custom:container-muxer-webm: aa71ff27fc2769a1b78a27578f13a17b -> 
  custom:container-demuxer-webm: 4f35f7cbe854078d1ac9338744f61a02 -> 
  custom:container-demuxer-ogg: 62fdf1f143b41e24485cea50d1cbac27 -> 
  custom:video-encoder-webm-vp8: eb34c28f22e8b96e1ab97ce403110664 -> 
  custom:video-decoder-webm-vp8: 9c59270c3fd7afecdb556c50c9e8de78 -> 
  custom:audio-decoder-ogg-vorbis: bf7c407c2cedff20999df2af8eb42d56 -> 
  custom:audio-encoder-webm-vorbis: bf7c407c2cedff20999df2af8eb42d56 -> 
========================================================================
Received Import Request.
  path: Assets/Tree.prefab
  artifactKey: Guid(a9c58a7a6f92b6c409b4bff4ae9bca96) Importer(815301076,1909f56bfc062723c751e8b465ee728b)
Start importing Assets/Tree.prefab using Guid(a9c58a7a6f92b6c409b4bff4ae9bca96) Importer(815301076,1909f56bfc062723c751e8b465ee728b)  -> (artifact id: '39f2de2daf747d4fb06d037c61380b04') in 0.225458 seconds 
========================================================================
Received Import Request.
  Time since last request: 0.000233 seconds.
  path: Assets/New Terrain 1.asset
  artifactKey: Guid(c610d655e2a1b054099cd8adf47e2aed) Importer(815301076,1909f56bfc062723c751e8b465ee728b)
Start importing Assets/New Terrain 1.asset using Guid(c610d655e2a1b054099cd8adf47e2aed) Importer(815301076,1909f56bfc062723c751e8b465ee728b)  -> (artifact id: 'acb572f951527b43b05f6af79797cd72') in 0.029778 seconds 
========================================================================
Received Import Request.
  Time since last request: 0.000203 seconds.
  path: Assets/New Terrain 4.asset
  artifactKey: Guid(6b394b459492d5a4db177934ca7b1e4d) Importer(815301076,1909f56bfc062723c751e8b465ee728b)
Start importing Assets/New Terrain 4.asset using Guid(6b394b459492d5a4db177934ca7b1e4d) Importer(815301076,1909f56bfc062723c751e8b465ee728b)  -> (artifact id: 'e43550eae79c6c75df7f88625087fec8') in 0.029589 seconds 
========================================================================
Received Import Request.
  Time since last request: 0.000275 seconds.
  path: Assets/New Terrain 3.asset
  artifactKey: Guid(9d3f4ff93599dff4cadaa08294cd4e08) Importer(815301076,1909f56bfc062723c751e8b465ee728b)
Start importing Assets/New Terrain 3.asset using Guid(9d3f4ff93599dff4cadaa08294cd4e08) Importer(815301076,1909f56bfc062723c751e8b465ee728b)  -> (artifact id: 'b7b432e261ba184c1b88e656f2473094') in 0.026956 seconds 
========================================================================
Received Import Request.
  Time since last request: 0.000320 seconds.
  path: Assets/New Terrain 2.asset
  artifactKey: Guid(f2140623aedef8d40bd6181f7c0aa253) Importer(815301076,1909f56bfc062723c751e8b465ee728b)
Start importing Assets/New Terrain 2.asset using Guid(f2140623aedef8d40bd6181f7c0aa253) Importer(815301076,1909f56bfc062723c751e8b465ee728b)  -> (artifact id: '6056969b70d35c9d1ea0c8db87b89176') in 0.026028 seconds 
========================================================================
Received Import Request.
  Time since last request: 0.000231 seconds.
  path: Assets/New Terrain 7.asset
  artifactKey: Guid(5ad218d8c73707e4789bad769bdbc77c) Importer(815301076,1909f56bfc062723c751e8b465ee728b)
Start importing Assets/New Terrain 7.asset using Guid(5ad218d8c73707e4789bad769bdbc77c) Importer(815301076,1909f56bfc062723c751e8b465ee728b)  -> (artifact id: '95a92c4926dd8ae3be29275d064840d3') in 0.131106 seconds 
========================================================================
Received Import Request.
  Time since last request: 0.000255 seconds.
  path: Assets/New Terrain 6.asset
  artifactKey: Guid(d8fc9d55da9f756419125774880b3d2f) Importer(815301076,1909f56bfc062723c751e8b465ee728b)
Start importing Assets/New Terrain 6.asset using Guid(d8fc9d55da9f756419125774880b3d2f) Importer(815301076,1909f56bfc062723c751e8b465ee728b) The tree Rock_01 must use the Nature/Soft Occlusion shader. Otherwise billboarding/lighting will not work correctly.
The tree Rock_04 must use the Nature/Soft Occlusion shader. Otherwise billboarding/lighting will not work correctly.
 -> (artifact id: 'a6f70cfc7e5babfeeb08cd7d556e311b') in 0.064663 seconds 
========================================================================
Received Import Request.
  Time since last request: 0.000261 seconds.
  path: Assets/New Terrain 5.asset
  artifactKey: Guid(fe6262f5d2ebc004782326978afbd377) Importer(815301076,1909f56bfc062723c751e8b465ee728b)
Start importing Assets/New Terrain 5.asset using Guid(fe6262f5d2ebc004782326978afbd377) Importer(815301076,1909f56bfc062723c751e8b465ee728b)  -> (artifact id: '1737fba4eaba89d344b35f6fd08c1f61') in 0.026265 seconds 
AssetImportWorkerClient::OnTransportError - code=2 error=End of file
